Flat profile:

Each sample counts as 0.01 seconds.
  %   cumulative   self              self     total
 time   seconds   seconds    calls  us/call  us/call  name
 40.00      0.02     0.02        0     0.00           wstDequePopTail
 20.00      0.03     0.01        0     0.00           hcReleasePd
 20.00      0.04     0.01        0     0.00           hcSchedulerTake
 20.00      0.05     0.01        0     0.00           tlsfAllocate
  0.00      0.05     0.00    48476     0.00           getCurrentEnv
  0.00      0.05     0.00     3529     0.00           fls64
  0.00      0.05     0.00     2647     0.00           iniparser_getsecname
  0.00      0.05     0.00      978     0.00           ocrGuidTrackerFind
  0.00      0.05     0.00      629     0.00           addFreeBlock
  0.00      0.05     0.00      469     0.00           ocrGuidTrackerTrack
  0.00      0.05     0.00      454     0.00           ocrGuidTrackerRemove
  0.00      0.05     0.00      409     0.00           iniparser_getnsec
  0.00      0.05     0.00      282     0.00           allocatorFreeFunction
  0.00      0.05     0.00      282     0.00           tlsfDeallocate
  0.00      0.05     0.00      259     0.00           dictionary_hash
  0.00      0.05     0.00      258     0.00           ocrAddDependence
  0.00      0.05     0.00      149     0.00           dictionary_get
  0.00      0.05     0.00      149     0.00           iniparser_getstring
  0.00      0.05     0.00      115     0.00           ocrGuidTrackerInit
  0.00      0.05     0.00      110     0.00           dictionary_set
  0.00      0.05     0.00       65     0.00           ocrDbCreate
  0.00      0.05     0.00       54     0.00           regularDestruct
  0.00      0.05     0.00       50     0.00           destructEventHc
  0.00      0.05     0.00       42     0.00           ocrEdtCreate
  0.00      0.05     0.00       39     0.00           read_range
  0.00      0.05     0.00       36     0.00           iniparser_getint
  0.00      0.05     0.00       28     0.00           add_dependence
  0.00      0.05     0.00       22     0.00           ocrEdtTemplateCreate_internal
  0.00      0.05     0.00       21     0.00           ocrEdtTemplateDestroy
  0.00      0.05     0.00       18     0.00           read_values
  0.00      0.05     0.00       16     0.00           create_factory
  0.00      0.05     0.00       16     0.00           populate_type
  0.00      0.05     0.00       13     0.00           populate_inst
  0.00      0.05     0.00       12     0.00           build_deps
  0.00      0.05     0.00        9     0.00           key_exists
  0.00      0.05     0.00        9     0.00           ocrDbRelease
  0.00      0.05     0.00        8     0.00           PRINTF
  0.00      0.05     0.00        7     0.00           chunkFree
  0.00      0.05     0.00        7     0.00           chunkMalloc
  0.00      0.05     0.00        5     0.00           ocrDbDestroy
  0.00      0.05     0.00        4     0.00           build_deps_types
  0.00      0.05     0.00        4     0.00           initializeCompPlatformOcr
  0.00      0.05     0.00        4     0.00           initializeCompTargetOcr
  0.00      0.05     0.00        4     0.00           initializeWorkerOcr
  0.00      0.05     0.00        4     0.00           initializeWorkpileOcr
  0.00      0.05     0.00        4     0.00           newWorkStealingDeque
  0.00      0.05     0.00        3     0.00           iniparser_getlonglong
  0.00      0.05     0.00        3     0.00           splitRange
  0.00      0.05     0.00        1     0.00           affinityToLocation
  0.00      0.05     0.00        1     0.00           bringUpRuntime
  0.00      0.05     0.00        1     0.00           chunkInit
  0.00      0.05     0.00        1     0.00           createLocationPlacer
  0.00      0.05     0.00        1     0.00           create_factory_allocator
  0.00      0.05     0.00        1     0.00           create_factory_commapi
  0.00      0.05     0.00        1     0.00           create_factory_commplatform
  0.00      0.05     0.00        1     0.00           create_factory_compplatform
  0.00      0.05     0.00        1     0.00           create_factory_comptarget
  0.00      0.05     0.00        1     0.00           create_factory_datablock
  0.00      0.05     0.00        1     0.00           create_factory_event
  0.00      0.05     0.00        1     0.00           create_factory_guid
  0.00      0.05     0.00        1     0.00           create_factory_memplatform
  0.00      0.05     0.00        1     0.00           create_factory_memtarget
  0.00      0.05     0.00        1     0.00           create_factory_policydomain
  0.00      0.05     0.00        1     0.00           create_factory_scheduler
  0.00      0.05     0.00        1     0.00           create_factory_task
  0.00      0.05     0.00        1     0.00           create_factory_tasktemplate
  0.00      0.05     0.00        1     0.00           create_factory_worker
  0.00      0.05     0.00        1     0.00           create_factory_workpile
  0.00      0.05     0.00        1     0.00           destroyRange
  0.00      0.05     0.00        1     0.00           dictionary_del
  0.00      0.05     0.00        1     0.00           dictionary_new
  0.00      0.05     0.00        1     0.00           freeUpRuntime
  0.00      0.05     0.00        1     0.00           getRegionWithTag
  0.00      0.05     0.00        1     0.00           iniparser_freedict
  0.00      0.05     0.00        1     0.00           iniparser_load
  0.00      0.05     0.00        1     0.00           initializeAllocatorOcr
  0.00      0.05     0.00        1     0.00           initializeCommApiOcr
  0.00      0.05     0.00        1     0.00           initializeCommPlatformOcr
  0.00      0.05     0.00        1     0.00           initializeMemPlatformOcr
  0.00      0.05     0.00        1     0.00           initializeMemTargetOcr
  0.00      0.05     0.00        1     0.00           initializePolicyDomainOcr
  0.00      0.05     0.00        1     0.00           initializeRange
  0.00      0.05     0.00        1     0.00           initializeSchedulerOcr
  0.00      0.05     0.00        1     0.00           main
  0.00      0.05     0.00        1     0.00           newAllocatorFactory
  0.00      0.05     0.00        1     0.00           newAllocatorFactoryTlsf
  0.00      0.05     0.00        1     0.00           newCommApiFactory
  0.00      0.05     0.00        1     0.00           newCommApiFactoryHandleless
  0.00      0.05     0.00        1     0.00           newCommPlatformFactory
  0.00      0.05     0.00        1     0.00           newCommPlatformFactoryNull
  0.00      0.05     0.00        1     0.00           newCompPlatformFactory
  0.00      0.05     0.00        1     0.00           newCompPlatformFactoryPthread
  0.00      0.05     0.00        1     0.00           newCompTargetFactory
  0.00      0.05     0.00        1     0.00           newCompTargetFactoryPt
  0.00      0.05     0.00        1     0.00           newDataBlockFactory
  0.00      0.05     0.00        1     0.00           newDataBlockFactoryRegular
  0.00      0.05     0.00        1     0.00           newEventFactoryHc
  0.00      0.05     0.00        1     0.00           newGuidProviderFactoryPtr
  0.00      0.05     0.00        1     0.00           newMemPlatformFactory
  0.00      0.05     0.00        1     0.00           newMemPlatformFactoryMalloc
  0.00      0.05     0.00        1     0.00           newMemTargetFactory
  0.00      0.05     0.00        1     0.00           newMemTargetFactoryShared
  0.00      0.05     0.00        1     0.00           newOcrSchedulerFactoryHc
  0.00      0.05     0.00        1     0.00           newOcrWorkerFactoryHc
  0.00      0.05     0.00        1     0.00           newOcrWorkpileFactoryHc
  0.00      0.05     0.00        1     0.00           newPolicyDomainFactory
  0.00      0.05     0.00        1     0.00           newPolicyDomainFactoryHc
  0.00      0.05     0.00        1     0.00           newSchedulerFactory
  0.00      0.05     0.00        1     0.00           newTaskFactoryHc
  0.00      0.05     0.00        1     0.00           newTaskTemplateFactoryHc
  0.00      0.05     0.00        1     0.00           newWorkerFactory
  0.00      0.05     0.00        1     0.00           newWorkpileFactory
  0.00      0.05     0.00        1     0.00           ocrAffinityCount
  0.00      0.05     0.00        1     0.00           ocrAffinityGet
  0.00      0.05     0.00        1     0.00           ocrFinalize
  0.00      0.05     0.00        1     0.00           ocrInit
  0.00      0.05     0.00        1     0.00           ocrParseArgs
  0.00      0.05     0.00        1     0.00           ocrShutdown
  0.00      0.05     0.00        1     0.00           platformSpecificInit
